<?xml version="1.0" encoding="UTF-8"?>
<!-- Generated by org.testng.reporters.JUnitReportReporter -->
<testsuite hostname="lenovo" failures="0" tests="1" name="Login.Login" time="66.190" errors="0" timestamp="2025-04-05T17:08:32 IST" skipped="0">
  <testcase classname="Login.Login" name="foodDeliveryPage" time="66.190"/>
  <system-out/>
</testsuite> <!-- Login.Login -->
