<?xml version="1.0" encoding="UTF-8"?>
<!-- Generated by org.testng.reporters.JUnitReportReporter -->
<testsuite hostname="lenovo" failures="0" tests="1" name="Restaurants.Restaurants" time="65.337" errors="0" timestamp="2025-04-05T17:13:38 IST" skipped="0">
  <testcase classname="Restaurants.Restaurants" name="foodDeliveryPage" time="65.337"/>
  <system-out/>
</testsuite> <!-- Restaurants.Restaurants -->
